<?xml version="1.0" encoding="UTF-8"?>
<!-- Generated by org.testng.reporters.JUnitReportReporter -->
<testsuite hostname="TPSYS509" failures="0" tests="3" name="TestCases.CreateSecondaryOrder" time="24.557" errors="0" timestamp="2023-01-12T17:50:03 IST" skipped="0">
  <testcase classname="TestCases.CreateSecondaryOrder" name="createSecondaryOrder" time="14.287"/>
  <system-out/>
  <testcase classname="TestCases.CreateSecondaryOrder" name="invoicePrintGST" time="2.148"/>
  <system-out/>
  <testcase classname="TestCases.CreateSecondaryOrder" name="holdtheOrder" time="8.122"/>
  <system-out/>
</testsuite> <!-- TestCases.CreateSecondaryOrder -->
