<?xml version="1.0" encoding="UTF-8"?>
<!-- Generated by org.testng.reporters.JUnitReportReporter -->
<testsuite hostname="TPSYS509" failures="0" tests="1" name="rough.DynamicTableValidation" time="28.241" errors="0" timestamp="2022-11-25T13:50:21 IST" skipped="0">
  <testcase classname="rough.DynamicTableValidation" name="HoldOrderList" time="28.241"/>
  <system-out/>
</testsuite> <!-- rough.DynamicTableValidation -->
