<?xml version="1.0" encoding="UTF-8"?>
<!-- Generated by org.testng.reporters.JUnitReportReporter -->
<testsuite hostname="TPSYS509" failures="0" tests="2" name="TestCases.Login" time="11.458" errors="0" timestamp="2022-11-23T10:52:58 IST" skipped="0">
  <testcase classname="TestCases.Login" name="verifyloginwithInValidCreds" time="5.846"/>
  <system-out/>
  <testcase classname="TestCases.Login" name="verifyloginwithValidCreds" time="5.612"/>
  <system-out/>
</testsuite> <!-- TestCases.Login -->
