<?xml version="1.0" encoding="UTF-8"?>
<!-- Generated by org.testng.reporters.JUnitReportReporter -->
<testsuite hostname="TPSYS509" failures="0" tests="2" name="TestCases.StockTransfer" time="15.295" errors="0" timestamp="2022-11-29T15:59:49 IST" skipped="0">
  <testcase classname="TestCases.StockTransfer" name="SOApprovalStockTransfer" time="0.007"/>
  <system-out/>
  <testcase classname="TestCases.StockTransfer" name="addStockTransfer" time="15.288"/>
  <system-out/>
</testsuite> <!-- TestCases.StockTransfer -->
