<?xml version="1.0" encoding="UTF-8"?>
<!-- Generated by org.testng.reporters.JUnitReportReporter -->
<testsuite hostname="TPSYS509" failures="0" tests="1" name="rough.stringSplit" time="0.626" errors="0" timestamp="2022-11-30T12:05:23 IST" skipped="0">
  <testcase classname="rough.stringSplit" name="getSplitString" time="0.626"/>
  <system-out/>
</testsuite> <!-- rough.stringSplit -->
